<?xml version="1.0" encoding="UTF-8"?>
<!-- Generated by org.testng.reporters.JUnitReportReporter -->
<testsuite hostname="DESKTOP-OSRLCCV" name="Locators.IDExample" tests="1" failures="0" timestamp="11 Apr 2022 17:54:03 GMT" time="145.991" errors="0">
  <testcase name="IdDemo" time="145.991" classname="Locators.IDExample"/>
</testsuite> <!-- Locators.IDExample -->
